I, [2014-09-12T16:54:33.861076 #4150]  INFO -- : 0:  rake (10.3.2) from /home/alexey/.rvm/gems/ruby-2.1.0/specifications/rake-10.3.2.gemspec
I, [2014-09-12T16:54:33.862655 #4150]  INFO -- : 0:  i18n (0.6.11) from /home/alexey/.rvm/gems/ruby-2.1.0/specifications/i18n-0.6.11.gemspec
I, [2014-09-12T16:54:33.863547 #4150]  INFO -- : 0:  minitest (4.7.5) from /home/alexey/.rvm/rubies/ruby-2.1.0/lib/ruby/gems/2.1.0/specifications/default/minitest-4.7.5.gemspec
I, [2014-09-12T16:54:33.864398 #4150]  INFO -- : 0:  multi_json (1.10.1) from /home/alexey/.rvm/gems/ruby-2.1.0/specifications/multi_json-1.10.1.gemspec
I, [2014-09-12T16:54:33.865258 #4150]  INFO -- : 0:  thread_safe (0.3.4) from /home/alexey/.rvm/gems/ruby-2.1.0/specifications/thread_safe-0.3.4.gemspec
I, [2014-09-12T16:54:33.866181 #4150]  INFO -- : 0:  tzinfo (0.3.41) from /home/alexey/.rvm/gems/ruby-2.1.0/specifications/tzinfo-0.3.41.gemspec
I, [2014-09-12T16:54:33.867087 #4150]  INFO -- : 0:  activesupport (4.0.1) from /home/alexey/.rvm/gems/ruby-2.1.0/specifications/activesupport-4.0.1.gemspec
I, [2014-09-12T16:54:33.867888 #4150]  INFO -- : 0:  builder (3.1.4) from /home/alexey/.rvm/gems/ruby-2.1.0/specifications/builder-3.1.4.gemspec
I, [2014-09-12T16:54:33.868732 #4150]  INFO -- : 0:  erubis (2.7.0) from /home/alexey/.rvm/gems/ruby-2.1.0/specifications/erubis-2.7.0.gemspec
I, [2014-09-12T16:54:33.869579 #4150]  INFO -- : 0:  rack (1.5.2) from /home/alexey/.rvm/gems/ruby-2.1.0/specifications/rack-1.5.2.gemspec
I, [2014-09-12T16:54:33.870457 #4150]  INFO -- : 0:  rack-test (0.6.2) from /home/alexey/.rvm/gems/ruby-2.1.0/specifications/rack-test-0.6.2.gemspec
I, [2014-09-12T16:54:33.871296 #4150]  INFO -- : 0:  actionpack (4.0.1) from /home/alexey/.rvm/gems/ruby-2.1.0/specifications/actionpack-4.0.1.gemspec
I, [2014-09-12T16:54:33.872167 #4150]  INFO -- : 0:  mime-types (1.25.1) from /home/alexey/.rvm/gems/ruby-2.1.0/specifications/mime-types-1.25.1.gemspec
I, [2014-09-12T16:54:33.873001 #4150]  INFO -- : 0:  polyglot (0.3.5) from /home/alexey/.rvm/gems/ruby-2.1.0/specifications/polyglot-0.3.5.gemspec
I, [2014-09-12T16:54:33.873867 #4150]  INFO -- : 0:  treetop (1.4.15) from /home/alexey/.rvm/gems/ruby-2.1.0/specifications/treetop-1.4.15.gemspec
I, [2014-09-12T16:54:33.874623 #4150]  INFO -- : 0:  mail (2.5.4) from /home/alexey/.rvm/gems/ruby-2.1.0/specifications/mail-2.5.4.gemspec
I, [2014-09-12T16:54:33.874996 #4150]  INFO -- : 0:  actionmailer (4.0.1) from /home/alexey/.rvm/gems/ruby-2.1.0/specifications/actionmailer-4.0.1.gemspec
I, [2014-09-12T16:54:33.875343 #4150]  INFO -- : 0:  activemodel (4.0.1) from /home/alexey/.rvm/gems/ruby-2.1.0/specifications/activemodel-4.0.1.gemspec
I, [2014-09-12T16:54:33.875715 #4150]  INFO -- : 0:  activerecord-deprecated_finders (1.0.3) from /home/alexey/.rvm/gems/ruby-2.1.0/specifications/activerecord-deprecated_finders-1.0.3.gemspec
I, [2014-09-12T16:54:33.876067 #4150]  INFO -- : 0:  arel (4.0.2) from /home/alexey/.rvm/gems/ruby-2.1.0/specifications/arel-4.0.2.gemspec
I, [2014-09-12T16:54:33.876439 #4150]  INFO -- : 0:  activerecord (4.0.1) from /home/alexey/.rvm/gems/ruby-2.1.0/specifications/activerecord-4.0.1.gemspec
I, [2014-09-12T16:54:33.876806 #4150]  INFO -- : 0:  ansi (1.4.3) from /home/alexey/.rvm/gems/ruby-2.1.0/specifications/ansi-1.4.3.gemspec
I, [2014-09-12T16:54:33.877183 #4150]  INFO -- : 0:  bcrypt (3.1.7) from /home/alexey/.rvm/gems/ruby-2.1.0/specifications/bcrypt-3.1.7.gemspec
I, [2014-09-12T16:54:33.877531 #4150]  INFO -- : 0:  coderay (1.1.0) from /home/alexey/.rvm/gems/ruby-2.1.0/specifications/coderay-1.1.0.gemspec
I, [2014-09-12T16:54:33.877905 #4150]  INFO -- : 0:  better_errors (2.0.0) from /home/alexey/.rvm/gems/ruby-2.1.0/specifications/better_errors-2.0.0.gemspec
I, [2014-09-12T16:54:33.878289 #4150]  INFO -- : 0:  debug_inspector (0.0.2) from /home/alexey/.rvm/gems/ruby-2.1.0/specifications/debug_inspector-0.0.2.gemspec
I, [2014-09-12T16:54:33.878661 #4150]  INFO -- : 0:  binding_of_caller (0.7.2) from /home/alexey/.rvm/gems/ruby-2.1.0/specifications/binding_of_caller-0.7.2.gemspec
I, [2014-09-12T16:54:33.878992 #4150]  INFO -- : 0:  bundler (1.5.1) from /home/alexey/.rvm/gems/ruby-2.1.0@global/specifications/bundler-1.5.1.gemspec
I, [2014-09-12T16:54:33.879364 #4150]  INFO -- : 0:  daemons (1.1.9) from /home/alexey/.rvm/gems/ruby-2.1.0/specifications/daemons-1.1.9.gemspec
I, [2014-09-12T16:54:33.879711 #4150]  INFO -- : 0:  database_cleaner (1.3.0) from /home/alexey/.rvm/gems/ruby-2.1.0/specifications/database_cleaner-1.3.0.gemspec
I, [2014-09-12T16:54:33.880070 #4150]  INFO -- : 0:  orm_adapter (0.5.0) from /home/alexey/.rvm/gems/ruby-2.1.0/specifications/orm_adapter-0.5.0.gemspec
I, [2014-09-12T16:54:33.880414 #4150]  INFO -- : 0:  thor (0.19.1) from /home/alexey/.rvm/gems/ruby-2.1.0/specifications/thor-0.19.1.gemspec
I, [2014-09-12T16:54:33.880820 #4150]  INFO -- : 0:  railties (4.0.1) from /home/alexey/.rvm/gems/ruby-2.1.0/specifications/railties-4.0.1.gemspec
I, [2014-09-12T16:54:33.881162 #4150]  INFO -- : 0:  warden (1.2.3) from /home/alexey/.rvm/gems/ruby-2.1.0/specifications/warden-1.2.3.gemspec
I, [2014-09-12T16:54:33.881530 #4150]  INFO -- : 0:  devise (3.3.0) from /home/alexey/.rvm/gems/ruby-2.1.0/specifications/devise-3.3.0.gemspec
I, [2014-09-12T16:54:33.881871 #4150]  INFO -- : 0:  diff-lcs (1.2.5) from /home/alexey/.rvm/gems/ruby-2.1.0/specifications/diff-lcs-1.2.5.gemspec
I, [2014-09-12T16:54:33.882253 #4150]  INFO -- : 0:  eventmachine (1.0.3) from /home/alexey/.rvm/gems/ruby-2.1.0/specifications/eventmachine-1.0.3.gemspec
I, [2014-09-12T16:54:33.882639 #4150]  INFO -- : 0:  execjs (2.2.1) from /home/alexey/.rvm/gems/ruby-2.1.0/specifications/execjs-2.2.1.gemspec
I, [2014-09-12T16:54:33.883003 #4150]  INFO -- : 0:  factory_girl (4.2.0) from /home/alexey/.rvm/gems/ruby-2.1.0/specifications/factory_girl-4.2.0.gemspec
I, [2014-09-12T16:54:33.883355 #4150]  INFO -- : 0:  factory_girl_rails (4.2.1) from /home/alexey/.rvm/gems/ruby-2.1.0/specifications/factory_girl_rails-4.2.1.gemspec
I, [2014-09-12T16:54:33.883725 #4150]  INFO -- : 0:  faker (1.4.3) from /home/alexey/.rvm/gems/ruby-2.1.0/specifications/faker-1.4.3.gemspec
I, [2014-09-12T16:54:33.884055 #4150]  INFO -- : 0:  hike (1.2.3) from /home/alexey/.rvm/gems/ruby-2.1.0/specifications/hike-1.2.3.gemspec
I, [2014-09-12T16:54:33.884433 #4150]  INFO -- : 0:  jquery-rails (3.1.2) from /home/alexey/.rvm/gems/ruby-2.1.0/specifications/jquery-rails-3.1.2.gemspec
I, [2014-09-12T16:54:33.884794 #4150]  INFO -- : 0:  json (1.8.1) from /home/alexey/.rvm/rubies/ruby-2.1.0/lib/ruby/gems/2.1.0/specifications/default/json-1.8.1.gemspec
I, [2014-09-12T16:54:33.885154 #4150]  INFO -- : 0:  rspec-core (2.99.2) from /home/alexey/.rvm/gems/ruby-2.1.0/specifications/rspec-core-2.99.2.gemspec
I, [2014-09-12T16:54:33.885542 #4150]  INFO -- : 0:  rspec-expectations (2.99.2) from /home/alexey/.rvm/gems/ruby-2.1.0/specifications/rspec-expectations-2.99.2.gemspec
I, [2014-09-12T16:54:33.885931 #4150]  INFO -- : 0:  rspec-mocks (2.99.2) from /home/alexey/.rvm/gems/ruby-2.1.0/specifications/rspec-mocks-2.99.2.gemspec
I, [2014-09-12T16:54:33.886359 #4150]  INFO -- : 0:  rspec (2.99.0) from /home/alexey/.rvm/gems/ruby-2.1.0/specifications/rspec-2.99.0.gemspec
I, [2014-09-12T16:54:33.886941 #4150]  INFO -- : 0:  json_spec (1.1.2) from /home/alexey/.rvm/gems/ruby-2.1.0/specifications/json_spec-1.1.2.gemspec
I, [2014-09-12T16:54:33.887464 #4150]  INFO -- : 0:  mini_portile (0.6.0) from /home/alexey/.rvm/gems/ruby-2.1.0/specifications/mini_portile-0.6.0.gemspec
I, [2014-09-12T16:54:33.887858 #4150]  INFO -- : 0:  mustache (0.99.6) from /home/alexey/.rvm/gems/ruby-2.1.0/specifications/mustache-0.99.6.gemspec
I, [2014-09-12T16:54:33.888219 #4150]  INFO -- : 0:  nokogiri (1.6.3.1) from /home/alexey/.rvm/gems/ruby-2.1.0/specifications/nokogiri-1.6.3.1.gemspec
I, [2014-09-12T16:54:33.888569 #4150]  INFO -- : 0:  pg (0.17.1) from /home/alexey/.rvm/gems/ruby-2.1.0/specifications/pg-0.17.1.gemspec
I, [2014-09-12T16:54:33.888964 #4150]  INFO -- : 0:  tilt (1.4.1) from /home/alexey/.rvm/gems/ruby-2.1.0/specifications/tilt-1.4.1.gemspec
I, [2014-09-12T16:54:33.889358 #4150]  INFO -- : 0:  sprockets (2.12.2) from /home/alexey/.rvm/gems/ruby-2.1.0/specifications/sprockets-2.12.2.gemspec
I, [2014-09-12T16:54:33.889740 #4150]  INFO -- : 0:  sprockets-rails (2.0.1) from /home/alexey/.rvm/gems/ruby-2.1.0/specifications/sprockets-rails-2.0.1.gemspec
I, [2014-09-12T16:54:33.890078 #4150]  INFO -- : 0:  rails (4.0.1) from /home/alexey/.rvm/gems/ruby-2.1.0/specifications/rails-4.0.1.gemspec
I, [2014-09-12T16:54:33.890460 #4150]  INFO -- : 0:  rails_serve_static_assets (0.0.2) from /home/alexey/.rvm/gems/ruby-2.1.0/specifications/rails_serve_static_assets-0.0.2.gemspec
I, [2014-09-12T16:54:33.890810 #4150]  INFO -- : 0:  rails_stdout_logging (0.0.3) from /home/alexey/.rvm/gems/ruby-2.1.0/specifications/rails_stdout_logging-0.0.3.gemspec
I, [2014-09-12T16:54:33.891180 #4150]  INFO -- : 0:  rails_12factor (0.0.2) from /home/alexey/.rvm/gems/ruby-2.1.0/specifications/rails_12factor-0.0.2.gemspec
I, [2014-09-12T16:54:33.891530 #4150]  INFO -- : 0:  rspec-collection_matchers (1.0.0) from /home/alexey/.rvm/gems/ruby-2.1.0/specifications/rspec-collection_matchers-1.0.0.gemspec
I, [2014-09-12T16:54:33.891910 #4150]  INFO -- : 0:  rspec-rails (2.99.0) from /home/alexey/.rvm/gems/ruby-2.1.0/specifications/rspec-rails-2.99.0.gemspec
I, [2014-09-12T16:54:33.892251 #4150]  INFO -- : 0:  rspec_api_documentation (3.0.0) from /home/alexey/.rvm/gems/ruby-2.1.0/specifications/rspec_api_documentation-3.0.0.gemspec
I, [2014-09-12T16:54:33.892610 #4150]  INFO -- : 0:  shoulda-callback-matchers (1.1.1) from /home/alexey/.rvm/gems/ruby-2.1.0/specifications/shoulda-callback-matchers-1.1.1.gemspec
I, [2014-09-12T16:54:33.893003 #4150]  INFO -- : 0:  shoulda-matchers (2.7.0) from /home/alexey/.rvm/gems/ruby-2.1.0/specifications/shoulda-matchers-2.7.0.gemspec
I, [2014-09-12T16:54:33.893355 #4150]  INFO -- : 0:  thin (1.6.2) from /home/alexey/.rvm/gems/ruby-2.1.0/specifications/thin-1.6.2.gemspec
I, [2014-09-12T16:54:33.893759 #4150]  INFO -- : 0:  turn (0.9.7) from /home/alexey/.rvm/gems/ruby-2.1.0/specifications/turn-0.9.7.gemspec
I, [2014-09-12T16:54:33.894099 #4150]  INFO -- : 0:  twitter-bootstrap-rails (2.2.8) from /home/alexey/.rvm/gems/ruby-2.1.0/specifications/twitter-bootstrap-rails-2.2.8.gemspec
I, [2014-09-12T16:54:33.894503 #4150]  INFO -- : 0:  uglifier (2.5.3) from /home/alexey/.rvm/gems/ruby-2.1.0/specifications/uglifier-2.5.3.gemspec
